{"level":"ERROR","timestamp":"2021-09-11T18:17:37.5813068+07:00","request_uri":"-","status_code":500,"duration":0,"message":"pq: password authentication failed for user \"user\"","version":"-","error_code":"-"}
{"level":"ERROR","timestamp":"2021-09-12T20:47:09.2224235+07:00","request_uri":"-","status_code":500,"duration":0,"message":"pq: password authentication failed for user \"dsfjsdjfds\"","version":"-","error_code":"-"}
{"level":"ERROR","timestamp":"2021-09-14T22:44:13.6786023+07:00","request_uri":"-","status_code":500,"duration":0,"message":"pq: password authentication failed for user \"dsfjsdjfds\"","version":"-","error_code":"-"}
{"level":"INFO","timestamp":"2021-09-14T22:44:32.3711507+07:00","request_uri":"-","status_code":200,"duration":0,"message":"Server started on port :8080","version":"-","error_code":"-"}
{"level":"INFO","timestamp":"2021-09-14T22:48:09.1947297+07:00","request_uri":"-","status_code":200,"duration":0,"message":"Server started on port :8080","version":"-","error_code":"-"}
{"level":"INFO","timestamp":"2021-09-14T22:48:12.1042492+07:00","request_uri":"/auth/logout","status_code":0,"duration":0,"message":"-","version":"-","error_code":"-"}
{"level":"INFO","timestamp":"2021-09-14T22:48:41.4220158+07:00","request_uri":"-","status_code":200,"duration":0,"message":"Server started on port :8080","version":"-","error_code":"-"}
{"level":"INFO","timestamp":"2021-09-14T22:49:12.8434663+07:00","request_uri":"-","status_code":200,"duration":0,"message":"Server started on port :8080","version":"-","error_code":"-"}
{"level":"ERROR","timestamp":"2021-09-14T22:49:15.3667452+07:00","request_uri":"/auth/logout","status_code":400,"duration":0,"message":"Invalid pagination format (invalid pagination format)","version":"-","error_code":"UNAUTHORIZED"}
{"level":"INFO","timestamp":"2021-09-14T22:49:15.3667452+07:00","request_uri":"/auth/logout","status_code":0,"duration":0,"message":"-","version":"-","error_code":"-"}
{"level":"ERROR","timestamp":"2021-09-14T22:49:29.346076+07:00","request_uri":"/auth/logout?page=1\u0026limit=","status_code":400,"duration":0,"message":"Invalid pagination format (invalid pagination format)","version":"-","error_code":"UNAUTHORIZED"}
{"level":"INFO","timestamp":"2021-09-14T22:49:29.346076+07:00","request_uri":"/auth/logout?page=1\u0026limit=","status_code":0,"duration":0,"message":"-","version":"-","error_code":"-"}
{"level":"INFO","timestamp":"2021-09-14T22:50:37.3635072+07:00","request_uri":"-","status_code":200,"duration":0,"message":"Server started on port :8080","version":"-","error_code":"-"}
{"level":"INFO","timestamp":"2021-09-14T22:50:43.6479667+07:00","request_uri":"/auth/logout?_page=1\u0026_limit=10","status_code":0,"duration":0,"message":"-","version":"-","error_code":"-"}
{"level":"ERROR","timestamp":"2021-09-14T22:50:47.2674214+07:00","request_uri":"/auth/logout?_page=1\u0026_limit=asdsad","status_code":400,"duration":0,"message":"Invalid pagination format (invalid pagination format)","version":"-","error_code":"UNAUTHORIZED"}
{"level":"INFO","timestamp":"2021-09-14T22:50:47.2674214+07:00","request_uri":"/auth/logout?_page=1\u0026_limit=asdsad","status_code":0,"duration":0,"message":"-","version":"-","error_code":"-"}
{"level":"ERROR","timestamp":"2021-09-14T22:50:50.3248563+07:00","request_uri":"/auth/logout?_page=1dsadsad\u0026_limit=asdsad","status_code":400,"duration":0,"message":"Invalid pagination format (invalid pagination format)","version":"-","error_code":"UNAUTHORIZED"}
{"level":"INFO","timestamp":"2021-09-14T22:50:50.3248563+07:00","request_uri":"/auth/logout?_page=1dsadsad\u0026_limit=asdsad","status_code":0,"duration":0,"message":"-","version":"-","error_code":"-"}
{"level":"ERROR","timestamp":"2021-09-14T22:50:53.8854731+07:00","request_uri":"/auth/logout?_page=-1\u0026_limit=asdsad","status_code":400,"duration":0,"message":"Invalid pagination format (invalid pagination format)","version":"-","error_code":"UNAUTHORIZED"}
{"level":"INFO","timestamp":"2021-09-14T22:50:53.8854731+07:00","request_uri":"/auth/logout?_page=-1\u0026_limit=asdsad","status_code":0,"duration":0,"message":"-","version":"-","error_code":"-"}
{"level":"ERROR","timestamp":"2021-09-14T22:50:57.9081534+07:00","request_uri":"/auth/logout?_page=-1\u0026_limit=2","status_code":400,"duration":0,"message":"Invalid pagination format (invalid pagination format)","version":"-","error_code":"UNAUTHORIZED"}
{"level":"INFO","timestamp":"2021-09-14T22:50:57.9081534+07:00","request_uri":"/auth/logout?_page=-1\u0026_limit=2","status_code":0,"duration":0,"message":"-","version":"-","error_code":"-"}
{"level":"INFO","timestamp":"2021-09-14T22:51:10.5337967+07:00","request_uri":"/auth/logout?_page=9\u0026_limit=2","status_code":0,"duration":0,"message":"-","version":"-","error_code":"-"}
{"level":"INFO","timestamp":"2021-09-14T22:57:30.174285+07:00","request_uri":"-","status_code":200,"duration":0,"message":"Server started on port :8080","version":"-","error_code":"-"}
{"level":"INFO","timestamp":"2021-09-14T22:57:42.5339092+07:00","request_uri":"/auth/logout?_page=9\u0026_limit=2\u0026_disable_pagination=true","status_code":0,"duration":0,"message":"-","version":"-","error_code":"-"}
{"level":"INFO","timestamp":"2021-09-14T22:57:56.2697625+07:00","request_uri":"/auth/logout?_page=9\u0026_limit=2\u0026_disable_pagination=true\u0026age=20","status_code":0,"duration":0,"message":"-","version":"-","error_code":"-"}
{"level":"INFO","timestamp":"2021-09-14T22:58:04.9616038+07:00","request_uri":"/auth/logout?_page=9\u0026_limit=2\u0026_disable_pagination=true\u0026age=20\u0026email=ihsanaryandi","status_code":0,"duration":0,"message":"-","version":"-","error_code":"-"}
{"level":"INFO","timestamp":"2021-09-14T22:58:19.8962707+07:00","request_uri":"/auth/logout?_page=9\u0026_limit=2\u0026_disable_pagination=true\u0026age=20\u0026email=ihsanaryandi\u0026name=Ihsan%20Aryandi","status_code":0,"duration":0,"message":"-","version":"-","error_code":"-"}
{"level":"INFO","timestamp":"2021-09-14T22:58:28.9016977+07:00","request_uri":"/auth/logout?_page=9\u0026_limit=2\u0026_disable_pagination=true\u0026age=20\u0026email=ihsanaryandi\u0026name=%20Ihsan%20Aryandi","status_code":0,"duration":1,"message":"-","version":"-","error_code":"-"}
{"level":"INFO","timestamp":"2021-09-14T22:58:32.3935112+07:00","request_uri":"/auth/logout?_page=9\u0026_limit=2\u0026_disable_pagination=true\u0026age=20\u0026email=ihsanaryandi\u0026name=Ihsan%20Aryandi%20","status_code":0,"duration":0,"message":"-","version":"-","error_code":"-"}
{"level":"INFO","timestamp":"2021-09-14T22:58:36.0951519+07:00","request_uri":"/auth/logout?_page=9\u0026_limit=2\u0026_disable_pagination=true\u0026age=20\u0026email=ihsanaryandi\u0026name=Ihsan%20Aryandi","status_code":0,"duration":0,"message":"-","version":"-","error_code":"-"}
{"level":"INFO","timestamp":"2021-09-14T22:58:44.4879417+07:00","request_uri":"/auth/logout?_page=9\u0026_limit=2\u0026_disable_pagination=true\u0026age=20\u0026email=ihsanaryandi\u0026name=Ihsan%20Aryandi%20%20%20%20%20","status_code":0,"duration":0,"message":"-","version":"-","error_code":"-"}
{"level":"INFO","timestamp":"2021-09-14T22:58:46.757508+07:00","request_uri":"/auth/logout?_page=9\u0026_limit=2\u0026_disable_pagination=true\u0026age=20\u0026email=ihsanaryandi\u0026name=Ihsan%20Aryandi","status_code":0,"duration":0,"message":"-","version":"-","error_code":"-"}
{"level":"INFO","timestamp":"2021-09-14T22:58:59.0404231+07:00","request_uri":"/auth/logout?_page=9\u0026_limit=asdsa\u0026_disable_pagination=true\u0026age=20\u0026email=ihsanaryandi\u0026name=Ihsan%20Aryandi","status_code":0,"duration":0,"message":"-","version":"-","error_code":"-"}
{"level":"ERROR","timestamp":"2021-09-14T22:59:04.2770358+07:00","request_uri":"/auth/logout?_page=9\u0026_limit=asdsa\u0026_disable_pagination=false\u0026age=20\u0026email=ihsanaryandi\u0026name=Ihsan%20Aryandi","status_code":400,"duration":0,"message":"Invalid pagination format (invalid pagination format)","version":"-","error_code":"UNAUTHORIZED"}
{"level":"INFO","timestamp":"2021-09-14T22:59:04.2770358+07:00","request_uri":"/auth/logout?_page=9\u0026_limit=asdsa\u0026_disable_pagination=false\u0026age=20\u0026email=ihsanaryandi\u0026name=Ihsan%20Aryandi","status_code":0,"duration":0,"message":"-","version":"-","error_code":"-"}
{"level":"INFO","timestamp":"2021-09-14T23:02:14.3442412+07:00","request_uri":"-","status_code":200,"duration":0,"message":"Server started on port :8080","version":"-","error_code":"-"}
{"level":"ERROR","timestamp":"2021-09-14T23:02:17.4041808+07:00","request_uri":"/auth/logout?_page=9\u0026_limit=asdsa\u0026_disable_pagination=false\u0026age=20\u0026email=ihsanaryandi\u0026name=Ihsan%20Aryandi","status_code":400,"duration":0,"message":"Invalid pagination format (invalid pagination format)","version":"-","error_code":"INVALID_PAGINATION"}
{"level":"INFO","timestamp":"2021-09-14T23:02:17.4041808+07:00","request_uri":"/auth/logout?_page=9\u0026_limit=asdsa\u0026_disable_pagination=false\u0026age=20\u0026email=ihsanaryandi\u0026name=Ihsan%20Aryandi","status_code":0,"duration":0,"message":"-","version":"-","error_code":"-"}
{"level":"INFO","timestamp":"2021-09-14T23:04:00.1588666+07:00","request_uri":"-","status_code":200,"duration":0,"message":"Server started on port :8080","version":"-","error_code":"-"}
{"level":"ERROR","timestamp":"2021-09-14T23:04:01.9397166+07:00","request_uri":"/auth/logout?_page=9\u0026_limit=asdsa\u0026_disable_pagination=false\u0026age=20\u0026email=ihsanaryandi\u0026name=Ihsan%20Aryandi","status_code":400,"duration":0,"message":"Invalid pagination format (invalid pagination format)","version":"-","error_code":"INVALID_PAGINATION"}
{"level":"INFO","timestamp":"2021-09-14T23:04:01.9397166+07:00","request_uri":"/auth/logout?_page=9\u0026_limit=asdsa\u0026_disable_pagination=false\u0026age=20\u0026email=ihsanaryandi\u0026name=Ihsan%20Aryandi","status_code":0,"duration":1,"message":"-","version":"-","error_code":"-"}
{"level":"INFO","timestamp":"2021-09-14T23:04:24.1308379+07:00","request_uri":"-","status_code":200,"duration":0,"message":"Server started on port :8080","version":"-","error_code":"-"}
{"level":"ERROR","timestamp":"2021-09-14T23:04:28.44897+07:00","request_uri":"/auth/logout?_page=9\u0026_limit=asdsa\u0026_disable_pagination=false\u0026age=20\u0026email=ihsanaryandi\u0026name=Ihsan%20Aryandi","status_code":400,"duration":0,"message":"Invalid pagination format (invalid pagination format)","version":"-","error_code":"INVALID_PAGINATION"}
{"level":"INFO","timestamp":"2021-09-14T23:04:28.44897+07:00","request_uri":"/auth/logout?_page=9\u0026_limit=asdsa\u0026_disable_pagination=false\u0026age=20\u0026email=ihsanaryandi\u0026name=Ihsan%20Aryandi","status_code":0,"duration":0,"message":"-","version":"-","error_code":"-"}
{"level":"INFO","timestamp":"2021-09-14T23:05:22.3816319+07:00","request_uri":"-","status_code":200,"duration":0,"message":"Server started on port :8080","version":"-","error_code":"-"}
{"level":"ERROR","timestamp":"2021-09-14T23:05:23.9693799+07:00","request_uri":"/auth/logout?_page=9\u0026_limit=asdsa\u0026_disable_pagination=false\u0026age=20\u0026email=ihsanaryandi\u0026name=Ihsan%20Aryandi","status_code":400,"duration":0,"message":"Invalid pagination format (invalid pagination format)","version":"-","error_code":"INVALID_PAGINATION"}
{"level":"INFO","timestamp":"2021-09-14T23:05:23.9693799+07:00","request_uri":"/auth/logout?_page=9\u0026_limit=asdsa\u0026_disable_pagination=false\u0026age=20\u0026email=ihsanaryandi\u0026name=Ihsan%20Aryandi","status_code":0,"duration":0,"message":"-","version":"-","error_code":"-"}
{"level":"INFO","timestamp":"2021-09-14T23:05:36.3539167+07:00","request_uri":"/auth/logout?_page=9\u0026_limit=10\u0026_disable_pagination=false\u0026age=20\u0026email=ihsanaryandi\u0026name=Ihsan%20Aryandi","status_code":0,"duration":0,"message":"-","version":"-","error_code":"-"}
{"level":"INFO","timestamp":"2021-09-14T23:05:53.0051358+07:00","request_uri":"/auth/logout?_page=9\u0026_limit=10\u0026_disable_pagination=true\u0026age=20\u0026email=ihsanaryandi\u0026name=Ihsan%20Aryandi","status_code":0,"duration":0,"message":"-","version":"-","error_code":"-"}
{"level":"INFO","timestamp":"2021-09-14T23:06:05.2659244+07:00","request_uri":"/auth/logout?_page=9\u0026_limit=10\u0026_disable_pagination=true\u0026age=20\u0026email=ihsanaryandi\u0026name=Ihsan%20Aryandi","status_code":0,"duration":0,"message":"-","version":"-","error_code":"-"}
{"level":"INFO","timestamp":"2021-09-14T23:06:15.9249934+07:00","request_uri":"/auth/logout?_page=9\u0026_limit=10\u0026_disable_pagination=true\u0026age=20\u0026email=ihsanaryandi\u0026name=Ihsan%20Aryandi","status_code":0,"duration":0,"message":"-","version":"-","error_code":"-"}
{"level":"INFO","timestamp":"2021-09-14T23:21:00.3416816+07:00","request_uri":"/auth/logout?_page=9\u0026_limit=dsadsadsa\u0026_disable_pagination=true\u0026age=20\u0026email=ihsanaryandi\u0026name=Ihsan%20Aryandi","status_code":0,"duration":0,"message":"-","version":"-","error_code":"-"}
{"level":"INFO","timestamp":"2021-09-14T23:21:08.1658692+07:00","request_uri":"-","status_code":200,"duration":0,"message":"Server started on port :8080","version":"-","error_code":"-"}
{"level":"ERROR","timestamp":"2021-09-14T23:21:29.0577118+07:00","request_uri":"/auth/logout?_page=9\u0026_limit=dsadsadsa\u0026_disable_pagination=true\u0026age=20\u0026email=ihsanaryandi\u0026name=Ihsan%20Aryandi","status_code":400,"duration":0,"message":"Invalid pagination format (invalid pagination format)","version":"-","error_code":"INVALID_PAGINATION"}
{"level":"INFO","timestamp":"2021-09-14T23:21:29.0577118+07:00","request_uri":"/auth/logout?_page=9\u0026_limit=dsadsadsa\u0026_disable_pagination=true\u0026age=20\u0026email=ihsanaryandi\u0026name=Ihsan%20Aryandi","status_code":0,"duration":0,"message":"-","version":"-","error_code":"-"}
{"level":"INFO","timestamp":"2021-09-14T23:22:11.3794858+07:00","request_uri":"-","status_code":200,"duration":0,"message":"Server started on port :8080","version":"-","error_code":"-"}
{"level":"INFO","timestamp":"2021-09-14T23:22:13.2154737+07:00","request_uri":"/auth/logout?_page=9\u0026_limit=dsadsadsa\u0026_disable_pagination=true\u0026age=20\u0026email=ihsanaryandi\u0026name=Ihsan%20Aryandi","status_code":0,"duration":0,"message":"-","version":"-","error_code":"-"}
{"level":"ERROR","timestamp":"2021-09-14T23:22:25.8755204+07:00","request_uri":"/auth/logout?_page=9\u0026_limit=dsadsadsa\u0026age=20\u0026email=ihsanaryandi\u0026name=Ihsan%20Aryandi","status_code":400,"duration":0,"message":"Invalid pagination format (invalid pagination format)","version":"-","error_code":"INVALID_PAGINATION"}
{"level":"INFO","timestamp":"2021-09-14T23:22:25.8755204+07:00","request_uri":"/auth/logout?_page=9\u0026_limit=dsadsadsa\u0026age=20\u0026email=ihsanaryandi\u0026name=Ihsan%20Aryandi","status_code":0,"duration":0,"message":"-","version":"-","error_code":"-"}
{"level":"INFO","timestamp":"2021-09-14T23:23:27.3183607+07:00","request_uri":"-","status_code":200,"duration":0,"message":"Server started on port :8080","version":"-","error_code":"-"}
{"level":"ERROR","timestamp":"2021-09-14T23:23:29.2078666+07:00","request_uri":"/auth/logout?_page=9\u0026_limit=dsadsadsa\u0026age=20\u0026email=ihsanaryandi\u0026name=Ihsan%20Aryandi","status_code":400,"duration":0,"message":"Invalid pagination format (invalid pagination format)","version":"-","error_code":"INVALID_PAGINATION"}
{"level":"INFO","timestamp":"2021-09-14T23:23:29.2078666+07:00","request_uri":"/auth/logout?_page=9\u0026_limit=dsadsadsa\u0026age=20\u0026email=ihsanaryandi\u0026name=Ihsan%20Aryandi","status_code":0,"duration":0,"message":"-","version":"-","error_code":"-"}
{"level":"INFO","timestamp":"2021-09-14T23:26:20.2143045+07:00","request_uri":"-","status_code":200,"duration":0,"message":"Server started on port :8080","version":"-","error_code":"-"}
{"level":"ERROR","timestamp":"2021-09-14T23:26:21.4110665+07:00","request_uri":"/auth/logout?_page=9\u0026_limit=dsadsadsa\u0026age=20\u0026email=ihsanaryandi\u0026name=Ihsan%20Aryandi","status_code":400,"duration":0,"message":"Invalid pagination format (invalid pagination format)","version":"-","error_code":"INVALID_PAGINATION"}
{"level":"INFO","timestamp":"2021-09-14T23:26:21.4110665+07:00","request_uri":"/auth/logout?_page=9\u0026_limit=dsadsadsa\u0026age=20\u0026email=ihsanaryandi\u0026name=Ihsan%20Aryandi","status_code":200,"duration":0,"message":"-","version":"-","error_code":"-"}
{"level":"INFO","timestamp":"2021-09-14T23:42:59.642553+07:00","request_uri":"-","status_code":200,"duration":0,"message":"Server started on port :8080","version":"-","error_code":"-"}
{"level":"ERROR","timestamp":"2021-09-14T23:43:04.2496858+07:00","request_uri":"/auth/logout?_page=9\u0026_limit=dsadsadsa\u0026age=20\u0026email=ihsanaryandi\u0026name=Ihsan%20Aryandi","status_code":400,"duration":0,"message":"Invalid pagination format (invalid pagination format)","version":"-","error_code":"INVALID_PAGINATION"}
{"level":"INFO","timestamp":"2021-09-14T23:43:04.2496858+07:00","request_uri":"/auth/logout?_page=9\u0026_limit=dsadsadsa\u0026age=20\u0026email=ihsanaryandi\u0026name=Ihsan%20Aryandi","status_code":200,"duration":0,"message":"-","version":"-","error_code":"-"}
{"level":"INFO","timestamp":"2021-09-14T23:43:10.8988248+07:00","request_uri":"/auth/logout?_page=1\u0026_limit=10\u0026age=20\u0026email=ihsanaryandi\u0026name=Ihsan%20Aryandi","status_code":200,"duration":0,"message":"-","version":"-","error_code":"-"}
{"level":"INFO","timestamp":"2021-09-14T23:43:27.9301936+07:00","request_uri":"/auth/logout?_page=2\u0026_limit=10\u0026age=20\u0026email=ihsanaryandi\u0026name=Ihsan%20Aryandi","status_code":200,"duration":0,"message":"-","version":"-","error_code":"-"}
{"level":"INFO","timestamp":"2021-09-14T23:43:55.3276817+07:00","request_uri":"/auth/logout?_page=5\u0026_limit=10\u0026age=20\u0026email=ihsanaryandi\u0026name=Ihsan%20Aryandi","status_code":200,"duration":0,"message":"-","version":"-","error_code":"-"}
{"level":"INFO","timestamp":"2021-09-14T23:44:13.2575715+07:00","request_uri":"/auth/logout?_page=5\u0026_limit=13\u0026age=20\u0026email=ihsanaryandi\u0026name=Ihsan%20Aryandi","status_code":200,"duration":0,"message":"-","version":"-","error_code":"-"}
{"level":"INFO","timestamp":"2021-09-14T23:44:18.7415179+07:00","request_uri":"/auth/logout?_page=5\u0026_limit=1\u0026age=20\u0026email=ihsanaryandi\u0026name=Ihsan%20Aryandi","status_code":200,"duration":0,"message":"-","version":"-","error_code":"-"}
{"level":"INFO","timestamp":"2021-09-14T23:44:33.0106266+07:00","request_uri":"/auth/logout?_page=5\u0026_limit=0\u0026age=20\u0026email=ihsanaryandi\u0026name=Ihsan%20Aryandi","status_code":200,"duration":0,"message":"-","version":"-","error_code":"-"}
{"level":"INFO","timestamp":"2021-09-14T23:44:40.0761669+07:00","request_uri":"/auth/logout?_page=0\u0026_limit=0\u0026age=20\u0026email=ihsanaryandi\u0026name=Ihsan%20Aryandi","status_code":200,"duration":0,"message":"-","version":"-","error_code":"-"}
{"level":"INFO","timestamp":"2021-09-14T23:55:50.9219608+07:00","request_uri":"-","status_code":200,"duration":0,"message":"Server started on port :8080","version":"-","error_code":"-"}
{"level":"INFO","timestamp":"2021-09-14T23:56:12.5413788+07:00","request_uri":"/auth/logout?_page=1\u0026_limit=10\u0026age=20\u0026email=ihsanaryandi\u0026name=Ihsan%20Aryandi","status_code":200,"duration":1,"message":"-","version":"-","error_code":"-"}
{"level":"INFO","timestamp":"2021-09-14T23:56:16.6817902+07:00","request_uri":"/auth/logout?_page=2\u0026_limit=10\u0026age=20\u0026email=ihsanaryandi\u0026name=Ihsan%20Aryandi","status_code":200,"duration":0,"message":"-","version":"-","error_code":"-"}
{"level":"INFO","timestamp":"2021-09-14T23:57:33.1365326+07:00","request_uri":"/auth/logout?_page=0\u0026_limit=10\u0026age=20\u0026email=ihsanaryandi\u0026name=Ihsan%20Aryandi","status_code":200,"duration":0,"message":"-","version":"-","error_code":"-"}
{"level":"INFO","timestamp":"2021-09-14T23:57:42.241119+07:00","request_uri":"/auth/logout?_page=0\u0026_limit=0\u0026age=20\u0026email=ihsanaryandi\u0026name=Ihsan%20Aryandi","status_code":200,"duration":0,"message":"-","version":"-","error_code":"-"}
{"level":"INFO","timestamp":"2021-09-15T00:03:50.3191555+07:00","request_uri":"-","status_code":200,"duration":0,"message":"Server started on port :8080","version":"-","error_code":"-"}
{"level":"ERROR","timestamp":"2021-09-15T00:03:57.9055652+07:00","request_uri":"/auth/logout?_page=0\u0026_limit=0\u0026age=20\u0026email=ihsanaryandi\u0026name=Ihsan%20Aryandi","status_code":400,"duration":0,"message":"Invalid pagination format (invalid Pagination format)","version":"-","error_code":"INVALID_PAGINATION"}
{"level":"INFO","timestamp":"2021-09-15T00:03:57.9055652+07:00","request_uri":"/auth/logout?_page=0\u0026_limit=0\u0026age=20\u0026email=ihsanaryandi\u0026name=Ihsan%20Aryandi","status_code":200,"duration":0,"message":"-","version":"-","error_code":"-"}
{"level":"ERROR","timestamp":"2021-09-15T00:03:59.8190496+07:00","request_uri":"/auth/logout?_page=0\u0026_limit=1\u0026age=20\u0026email=ihsanaryandi\u0026name=Ihsan%20Aryandi","status_code":400,"duration":0,"message":"Invalid pagination format (invalid Pagination format)","version":"-","error_code":"INVALID_PAGINATION"}
{"level":"INFO","timestamp":"2021-09-15T00:03:59.8190496+07:00","request_uri":"/auth/logout?_page=0\u0026_limit=1\u0026age=20\u0026email=ihsanaryandi\u0026name=Ihsan%20Aryandi","status_code":200,"duration":0,"message":"-","version":"-","error_code":"-"}
{"level":"INFO","timestamp":"2021-09-15T00:04:02.4149347+07:00","request_uri":"/auth/logout?_page=1\u0026_limit=1\u0026age=20\u0026email=ihsanaryandi\u0026name=Ihsan%20Aryandi","status_code":200,"duration":1,"message":"-","version":"-","error_code":"-"}
{"level":"ERROR","timestamp":"2021-09-15T00:04:05.3640567+07:00","request_uri":"/auth/logout?_page=1\u0026_limit=d\u0026age=20\u0026email=ihsanaryandi\u0026name=Ihsan%20Aryandi","status_code":400,"duration":0,"message":"Invalid pagination format (invalid Pagination format)","version":"-","error_code":"INVALID_PAGINATION"}
{"level":"INFO","timestamp":"2021-09-15T00:04:05.3640567+07:00","request_uri":"/auth/logout?_page=1\u0026_limit=d\u0026age=20\u0026email=ihsanaryandi\u0026name=Ihsan%20Aryandi","status_code":200,"duration":0,"message":"-","version":"-","error_code":"-"}
{"level":"INFO","timestamp":"2021-09-15T00:04:07.1856145+07:00","request_uri":"/auth/logout?_page=1\u0026_limit=2\u0026age=20\u0026email=ihsanaryandi\u0026name=Ihsan%20Aryandi","status_code":200,"duration":0,"message":"-","version":"-","error_code":"-"}
{"level":"ERROR","timestamp":"2021-09-15T00:04:08.6153017+07:00","request_uri":"/auth/logout?_page=1\u0026_limit=0\u0026age=20\u0026email=ihsanaryandi\u0026name=Ihsan%20Aryandi","status_code":400,"duration":0,"message":"Invalid pagination format (invalid Pagination format)","version":"-","error_code":"INVALID_PAGINATION"}
{"level":"INFO","timestamp":"2021-09-15T00:04:08.6153017+07:00","request_uri":"/auth/logout?_page=1\u0026_limit=0\u0026age=20\u0026email=ihsanaryandi\u0026name=Ihsan%20Aryandi","status_code":200,"duration":0,"message":"-","version":"-","error_code":"-"}
{"level":"INFO","timestamp":"2021-09-15T00:04:10.1243256+07:00","request_uri":"/auth/logout?_page=1\u0026_limit=1\u0026age=20\u0026email=ihsanaryandi\u0026name=Ihsan%20Aryandi","status_code":200,"duration":0,"message":"-","version":"-","error_code":"-"}
{"level":"INFO","timestamp":"2021-09-15T00:04:21.802198+07:00","request_uri":"/auth/logout?_page=20\u0026_limit=1\u0026age=20\u0026email=ihsanaryandi\u0026name=Ihsan%20Aryandi","status_code":200,"duration":0,"message":"-","version":"-","error_code":"-"}
{"level":"INFO","timestamp":"2021-09-15T00:04:30.2761659+07:00","request_uri":"/auth/logout?_page=1\u0026_limit=20\u0026age=20\u0026email=ihsanaryandi\u0026name=Ihsan%20Aryandi","status_code":200,"duration":0,"message":"-","version":"-","error_code":"-"}
{"level":"INFO","timestamp":"2021-09-15T00:04:33.1565585+07:00","request_uri":"/auth/logout?_page=2\u0026_limit=20\u0026age=20\u0026email=ihsanaryandi\u0026name=Ihsan%20Aryandi","status_code":200,"duration":0,"message":"-","version":"-","error_code":"-"}
